<?xml version="1.0" encoding="UTF-8"?>
<testsuite xmlns:xsi="http://www.w3.org/2001/XMLSchema-instance" xsi:noNamespaceSchemaLocation="https://maven.apache.org/surefire/maven-surefire-plugin/xsd/surefire-test-report.xsd" name="com.zzh.mybatis.MybatisApplicationTests" time="3.687" tests="1" errors="0" skipped="0" failures="0">
  <properties>
    <property name="sun.desktop" value="windows"/>
    <property name="awt.toolkit" value="sun.awt.windows.WToolkit"/>
    <property name="file.encoding.pkg" value="sun.io"/>
    <property name="java.specification.version" value="1.8"/>
    <property name="sun.cpu.isalist" value="amd64"/>
    <property name="sun.jnu.encoding" value="GBK"/>
    <property name="java.class.path" value="E:\idea工程\SpringBoot_Mybatis\target\test-classes;E:\idea工程\SpringBoot_Mybatis\target\classes;D:\mavenrepository\org\springframework\boot\spring-boot-starter-jdbc\2.5.5\spring-boot-starter-jdbc-2.5.5.jar;D:\mavenrepository\org\springframework\boot\spring-boot-starter\2.5.5\spring-boot-starter-2.5.5.jar;D:\mavenrepository\org\springframework\boot\spring-boot\2.5.5\spring-boot-2.5.5.jar;D:\mavenrepository\org\springframework\boot\spring-boot-autoconfigure\2.5.5\spring-boot-autoconfigure-2.5.5.jar;D:\mavenrepository\org\springframework\boot\spring-boot-starter-logging\2.5.5\spring-boot-starter-logging-2.5.5.jar;D:\mavenrepository\ch\qos\logback\logback-classic\1.2.6\logback-classic-1.2.6.jar;D:\mavenrepository\ch\qos\logback\logback-core\1.2.6\logback-core-1.2.6.jar;D:\mavenrepository\org\apache\logging\log4j\log4j-to-slf4j\2.14.1\log4j-to-slf4j-2.14.1.jar;D:\mavenrepository\org\apache\logging\log4j\log4j-api\2.14.1\log4j-api-2.14.1.jar;D:\mavenrepository\org\slf4j\jul-to-slf4j\1.7.32\jul-to-slf4j-1.7.32.jar;D:\mavenrepository\jakarta\annotation\jakarta.annotation-api\1.3.5\jakarta.annotation-api-1.3.5.jar;D:\mavenrepository\org\yaml\snakeyaml\1.28\snakeyaml-1.28.jar;D:\mavenrepository\com\zaxxer\HikariCP\4.0.3\HikariCP-4.0.3.jar;D:\mavenrepository\org\slf4j\slf4j-api\1.7.32\slf4j-api-1.7.32.jar;D:\mavenrepository\org\springframework\spring-jdbc\5.3.10\spring-jdbc-5.3.10.jar;D:\mavenrepository\org\springframework\spring-beans\5.3.10\spring-beans-5.3.10.jar;D:\mavenrepository\org\springframework\spring-tx\5.3.10\spring-tx-5.3.10.jar;D:\mavenrepository\org\springframework\boot\spring-boot-starter-web\2.5.5\spring-boot-starter-web-2.5.5.jar;D:\mavenrepository\org\springframework\boot\spring-boot-starter-json\2.5.5\spring-boot-starter-json-2.5.5.jar;D:\mavenrepository\com\fasterxml\jackson\core\jackson-databind\2.12.5\jackson-databind-2.12.5.jar;D:\mavenrepository\com\fasterxml\jackson\core\jackson-annotations\2.12.5\jackson-annotations-2.12.5.jar;D:\mavenrepository\com\fasterxml\jackson\core\jackson-core\2.12.5\jackson-core-2.12.5.jar;D:\mavenrepository\com\fasterxml\jackson\datatype\jackson-datatype-jdk8\2.12.5\jackson-datatype-jdk8-2.12.5.jar;D:\mavenrepository\com\fasterxml\jackson\datatype\jackson-datatype-jsr310\2.12.5\jackson-datatype-jsr310-2.12.5.jar;D:\mavenrepository\com\fasterxml\jackson\module\jackson-module-parameter-names\2.12.5\jackson-module-parameter-names-2.12.5.jar;D:\mavenrepository\org\springframework\boot\spring-boot-starter-tomcat\2.5.5\spring-boot-starter-tomcat-2.5.5.jar;D:\mavenrepository\org\apache\tomcat\embed\tomcat-embed-core\9.0.53\tomcat-embed-core-9.0.53.jar;D:\mavenrepository\org\apache\tomcat\embed\tomcat-embed-el\9.0.53\tomcat-embed-el-9.0.53.jar;D:\mavenrepository\org\apache\tomcat\embed\tomcat-embed-websocket\9.0.53\tomcat-embed-websocket-9.0.53.jar;D:\mavenrepository\org\springframework\spring-web\5.3.10\spring-web-5.3.10.jar;D:\mavenrepository\org\springframework\spring-webmvc\5.3.10\spring-webmvc-5.3.10.jar;D:\mavenrepository\org\springframework\spring-aop\5.3.10\spring-aop-5.3.10.jar;D:\mavenrepository\org\springframework\spring-context\5.3.10\spring-context-5.3.10.jar;D:\mavenrepository\org\springframework\spring-expression\5.3.10\spring-expression-5.3.10.jar;D:\mavenrepository\org\projectlombok\lombok\1.18.20\lombok-1.18.20.jar;D:\mavenrepository\org\mybatis\spring\boot\mybatis-spring-boot-starter\2.2.0\mybatis-spring-boot-starter-2.2.0.jar;D:\mavenrepository\org\mybatis\spring\boot\mybatis-spring-boot-autoconfigure\2.2.0\mybatis-spring-boot-autoconfigure-2.2.0.jar;D:\mavenrepository\org\mybatis\mybatis-spring\2.0.6\mybatis-spring-2.0.6.jar;D:\mavenrepository\org\mybatis\mybatis\3.5.6\mybatis-3.5.6.jar;D:\mavenrepository\mysql\mysql-connector-java\8.0.26\mysql-connector-java-8.0.26.jar;D:\mavenrepository\org\springframework\boot\spring-boot-starter-test\2.5.5\spring-boot-starter-test-2.5.5.jar;D:\mavenrepository\org\springframework\boot\spring-boot-test\2.5.5\spring-boot-test-2.5.5.jar;D:\mavenrepository\org\springframework\boot\spring-boot-test-autoconfigure\2.5.5\spring-boot-test-autoconfigure-2.5.5.jar;D:\mavenrepository\com\jayway\jsonpath\json-path\2.5.0\json-path-2.5.0.jar;D:\mavenrepository\net\minidev\json-smart\2.4.7\json-smart-2.4.7.jar;D:\mavenrepository\net\minidev\accessors-smart\2.4.7\accessors-smart-2.4.7.jar;D:\mavenrepository\org\ow2\asm\asm\9.1\asm-9.1.jar;D:\mavenrepository\jakarta\xml\bind\jakarta.xml.bind-api\2.3.3\jakarta.xml.bind-api-2.3.3.jar;D:\mavenrepository\jakarta\activation\jakarta.activation-api\1.2.2\jakarta.activation-api-1.2.2.jar;D:\mavenrepository\org\assertj\assertj-core\3.19.0\assertj-core-3.19.0.jar;D:\mavenrepository\org\hamcrest\hamcrest\2.2\hamcrest-2.2.jar;D:\mavenrepository\org\junit\jupiter\junit-jupiter\5.7.2\junit-jupiter-5.7.2.jar;D:\mavenrepository\org\junit\jupiter\junit-jupiter-api\5.7.2\junit-jupiter-api-5.7.2.jar;D:\mavenrepository\org\apiguardian\apiguardian-api\1.1.0\apiguardian-api-1.1.0.jar;D:\mavenrepository\org\opentest4j\opentest4j\1.2.0\opentest4j-1.2.0.jar;D:\mavenrepository\org\junit\platform\junit-platform-commons\1.7.2\junit-platform-commons-1.7.2.jar;D:\mavenrepository\org\junit\jupiter\junit-jupiter-params\5.7.2\junit-jupiter-params-5.7.2.jar;D:\mavenrepository\org\junit\jupiter\junit-jupiter-engine\5.7.2\junit-jupiter-engine-5.7.2.jar;D:\mavenrepository\org\junit\platform\junit-platform-engine\1.7.2\junit-platform-engine-1.7.2.jar;D:\mavenrepository\org\mockito\mockito-core\3.9.0\mockito-core-3.9.0.jar;D:\mavenrepository\net\bytebuddy\byte-buddy\1.10.22\byte-buddy-1.10.22.jar;D:\mavenrepository\net\bytebuddy\byte-buddy-agent\1.10.22\byte-buddy-agent-1.10.22.jar;D:\mavenrepository\org\objenesis\objenesis\3.2\objenesis-3.2.jar;D:\mavenrepository\org\mockito\mockito-junit-jupiter\3.9.0\mockito-junit-jupiter-3.9.0.jar;D:\mavenrepository\org\skyscreamer\jsonassert\1.5.0\jsonassert-1.5.0.jar;D:\mavenrepository\com\vaadin\external\google\android-json\0.0.20131108.vaadin1\android-json-0.0.20131108.vaadin1.jar;D:\mavenrepository\org\springframework\spring-core\5.3.10\spring-core-5.3.10.jar;D:\mavenrepository\org\springframework\spring-jcl\5.3.10\spring-jcl-5.3.10.jar;D:\mavenrepository\org\springframework\spring-test\5.3.10\spring-test-5.3.10.jar;D:\mavenrepository\org\xmlunit\xmlunit-core\2.8.2\xmlunit-core-2.8.2.jar;"/>
    <property name="java.vm.vendor" value="Oracle Corporation"/>
    <property name="sun.arch.data.model" value="64"/>
    <property name="user.variant" value=""/>
    <property name="java.vendor.url" value="http://java.oracle.com/"/>
    <property name="user.timezone" value="Asia/Shanghai"/>
    <property name="java.vm.specification.version" value="1.8"/>
    <property name="os.name" value="Windows 10"/>
    <property name="user.country" value="CN"/>
    <property name="sun.java.launcher" value="SUN_STANDARD"/>
    <property name="sun.boot.library.path" value="D:\Java\jre\bin"/>
    <property name="sun.java.command" value="C:\Users\dell\AppData\Local\Temp\surefire4853626000566700934\surefirebooter1765274919493202023.jar C:\Users\dell\AppData\Local\Temp\surefire4853626000566700934 2021-10-14T07-51-57_458-jvmRun1 surefire5347028879981098936tmp surefire_01385352488872245941tmp"/>
    <property name="surefire.test.class.path" value="E:\idea工程\SpringBoot_Mybatis\target\test-classes;E:\idea工程\SpringBoot_Mybatis\target\classes;D:\mavenrepository\org\springframework\boot\spring-boot-starter-jdbc\2.5.5\spring-boot-starter-jdbc-2.5.5.jar;D:\mavenrepository\org\springframework\boot\spring-boot-starter\2.5.5\spring-boot-starter-2.5.5.jar;D:\mavenrepository\org\springframework\boot\spring-boot\2.5.5\spring-boot-2.5.5.jar;D:\mavenrepository\org\springframework\boot\spring-boot-autoconfigure\2.5.5\spring-boot-autoconfigure-2.5.5.jar;D:\mavenrepository\org\springframework\boot\spring-boot-starter-logging\2.5.5\spring-boot-starter-logging-2.5.5.jar;D:\mavenrepository\ch\qos\logback\logback-classic\1.2.6\logback-classic-1.2.6.jar;D:\mavenrepository\ch\qos\logback\logback-core\1.2.6\logback-core-1.2.6.jar;D:\mavenrepository\org\apache\logging\log4j\log4j-to-slf4j\2.14.1\log4j-to-slf4j-2.14.1.jar;D:\mavenrepository\org\apache\logging\log4j\log4j-api\2.14.1\log4j-api-2.14.1.jar;D:\mavenrepository\org\slf4j\jul-to-slf4j\1.7.32\jul-to-slf4j-1.7.32.jar;D:\mavenrepository\jakarta\annotation\jakarta.annotation-api\1.3.5\jakarta.annotation-api-1.3.5.jar;D:\mavenrepository\org\yaml\snakeyaml\1.28\snakeyaml-1.28.jar;D:\mavenrepository\com\zaxxer\HikariCP\4.0.3\HikariCP-4.0.3.jar;D:\mavenrepository\org\slf4j\slf4j-api\1.7.32\slf4j-api-1.7.32.jar;D:\mavenrepository\org\springframework\spring-jdbc\5.3.10\spring-jdbc-5.3.10.jar;D:\mavenrepository\org\springframework\spring-beans\5.3.10\spring-beans-5.3.10.jar;D:\mavenrepository\org\springframework\spring-tx\5.3.10\spring-tx-5.3.10.jar;D:\mavenrepository\org\springframework\boot\spring-boot-starter-web\2.5.5\spring-boot-starter-web-2.5.5.jar;D:\mavenrepository\org\springframework\boot\spring-boot-starter-json\2.5.5\spring-boot-starter-json-2.5.5.jar;D:\mavenrepository\com\fasterxml\jackson\core\jackson-databind\2.12.5\jackson-databind-2.12.5.jar;D:\mavenrepository\com\fasterxml\jackson\core\jackson-annotations\2.12.5\jackson-annotations-2.12.5.jar;D:\mavenrepository\com\fasterxml\jackson\core\jackson-core\2.12.5\jackson-core-2.12.5.jar;D:\mavenrepository\com\fasterxml\jackson\datatype\jackson-datatype-jdk8\2.12.5\jackson-datatype-jdk8-2.12.5.jar;D:\mavenrepository\com\fasterxml\jackson\datatype\jackson-datatype-jsr310\2.12.5\jackson-datatype-jsr310-2.12.5.jar;D:\mavenrepository\com\fasterxml\jackson\module\jackson-module-parameter-names\2.12.5\jackson-module-parameter-names-2.12.5.jar;D:\mavenrepository\org\springframework\boot\spring-boot-starter-tomcat\2.5.5\spring-boot-starter-tomcat-2.5.5.jar;D:\mavenrepository\org\apache\tomcat\embed\tomcat-embed-core\9.0.53\tomcat-embed-core-9.0.53.jar;D:\mavenrepository\org\apache\tomcat\embed\tomcat-embed-el\9.0.53\tomcat-embed-el-9.0.53.jar;D:\mavenrepository\org\apache\tomcat\embed\tomcat-embed-websocket\9.0.53\tomcat-embed-websocket-9.0.53.jar;D:\mavenrepository\org\springframework\spring-web\5.3.10\spring-web-5.3.10.jar;D:\mavenrepository\org\springframework\spring-webmvc\5.3.10\spring-webmvc-5.3.10.jar;D:\mavenrepository\org\springframework\spring-aop\5.3.10\spring-aop-5.3.10.jar;D:\mavenrepository\org\springframework\spring-context\5.3.10\spring-context-5.3.10.jar;D:\mavenrepository\org\springframework\spring-expression\5.3.10\spring-expression-5.3.10.jar;D:\mavenrepository\org\projectlombok\lombok\1.18.20\lombok-1.18.20.jar;D:\mavenrepository\org\mybatis\spring\boot\mybatis-spring-boot-starter\2.2.0\mybatis-spring-boot-starter-2.2.0.jar;D:\mavenrepository\org\mybatis\spring\boot\mybatis-spring-boot-autoconfigure\2.2.0\mybatis-spring-boot-autoconfigure-2.2.0.jar;D:\mavenrepository\org\mybatis\mybatis-spring\2.0.6\mybatis-spring-2.0.6.jar;D:\mavenrepository\org\mybatis\mybatis\3.5.6\mybatis-3.5.6.jar;D:\mavenrepository\mysql\mysql-connector-java\8.0.26\mysql-connector-java-8.0.26.jar;D:\mavenrepository\org\springframework\boot\spring-boot-starter-test\2.5.5\spring-boot-starter-test-2.5.5.jar;D:\mavenrepository\org\springframework\boot\spring-boot-test\2.5.5\spring-boot-test-2.5.5.jar;D:\mavenrepository\org\springframework\boot\spring-boot-test-autoconfigure\2.5.5\spring-boot-test-autoconfigure-2.5.5.jar;D:\mavenrepository\com\jayway\jsonpath\json-path\2.5.0\json-path-2.5.0.jar;D:\mavenrepository\net\minidev\json-smart\2.4.7\json-smart-2.4.7.jar;D:\mavenrepository\net\minidev\accessors-smart\2.4.7\accessors-smart-2.4.7.jar;D:\mavenrepository\org\ow2\asm\asm\9.1\asm-9.1.jar;D:\mavenrepository\jakarta\xml\bind\jakarta.xml.bind-api\2.3.3\jakarta.xml.bind-api-2.3.3.jar;D:\mavenrepository\jakarta\activation\jakarta.activation-api\1.2.2\jakarta.activation-api-1.2.2.jar;D:\mavenrepository\org\assertj\assertj-core\3.19.0\assertj-core-3.19.0.jar;D:\mavenrepository\org\hamcrest\hamcrest\2.2\hamcrest-2.2.jar;D:\mavenrepository\org\junit\jupiter\junit-jupiter\5.7.2\junit-jupiter-5.7.2.jar;D:\mavenrepository\org\junit\jupiter\junit-jupiter-api\5.7.2\junit-jupiter-api-5.7.2.jar;D:\mavenrepository\org\apiguardian\apiguardian-api\1.1.0\apiguardian-api-1.1.0.jar;D:\mavenrepository\org\opentest4j\opentest4j\1.2.0\opentest4j-1.2.0.jar;D:\mavenrepository\org\junit\platform\junit-platform-commons\1.7.2\junit-platform-commons-1.7.2.jar;D:\mavenrepository\org\junit\jupiter\junit-jupiter-params\5.7.2\junit-jupiter-params-5.7.2.jar;D:\mavenrepository\org\junit\jupiter\junit-jupiter-engine\5.7.2\junit-jupiter-engine-5.7.2.jar;D:\mavenrepository\org\junit\platform\junit-platform-engine\1.7.2\junit-platform-engine-1.7.2.jar;D:\mavenrepository\org\mockito\mockito-core\3.9.0\mockito-core-3.9.0.jar;D:\mavenrepository\net\bytebuddy\byte-buddy\1.10.22\byte-buddy-1.10.22.jar;D:\mavenrepository\net\bytebuddy\byte-buddy-agent\1.10.22\byte-buddy-agent-1.10.22.jar;D:\mavenrepository\org\objenesis\objenesis\3.2\objenesis-3.2.jar;D:\mavenrepository\org\mockito\mockito-junit-jupiter\3.9.0\mockito-junit-jupiter-3.9.0.jar;D:\mavenrepository\org\skyscreamer\jsonassert\1.5.0\jsonassert-1.5.0.jar;D:\mavenrepository\com\vaadin\external\google\android-json\0.0.20131108.vaadin1\android-json-0.0.20131108.vaadin1.jar;D:\mavenrepository\org\springframework\spring-core\5.3.10\spring-core-5.3.10.jar;D:\mavenrepository\org\springframework\spring-jcl\5.3.10\spring-jcl-5.3.10.jar;D:\mavenrepository\org\springframework\spring-test\5.3.10\spring-test-5.3.10.jar;D:\mavenrepository\org\xmlunit\xmlunit-core\2.8.2\xmlunit-core-2.8.2.jar;"/>
    <property name="sun.cpu.endian" value="little"/>
    <property name="user.home" value="C:\Users\dell"/>
    <property name="user.language" value="zh"/>
    <property name="java.specification.vendor" value="Oracle Corporation"/>
    <property name="java.home" value="D:\Java\jre"/>
    <property name="basedir" value="E:\idea工程\SpringBoot_Mybatis"/>
    <property name="file.separator" value="\"/>
    <property name="line.separator" value="&#10;"/>
    <property name="java.vm.specification.vendor" value="Oracle Corporation"/>
    <property name="java.specification.name" value="Java Platform API Specification"/>
    <property name="java.awt.graphicsenv" value="sun.awt.Win32GraphicsEnvironment"/>
    <property name="surefire.real.class.path" value="C:\Users\dell\AppData\Local\Temp\surefire4853626000566700934\surefirebooter1765274919493202023.jar"/>
    <property name="sun.boot.class.path" value="D:\Java\jre\lib\resources.jar;D:\Java\jre\lib\rt.jar;D:\Java\jre\lib\sunrsasign.jar;D:\Java\jre\lib\jsse.jar;D:\Java\jre\lib\jce.jar;D:\Java\jre\lib\charsets.jar;D:\Java\jre\lib\jfr.jar;D:\Java\jre\classes"/>
    <property name="user.script" value=""/>
    <property name="sun.management.compiler" value="HotSpot 64-Bit Tiered Compilers"/>
    <property name="java.runtime.version" value="1.8.0_231-b11"/>
    <property name="user.name" value="dell"/>
    <property name="path.separator" value=";"/>
    <property name="os.version" value="10.0"/>
    <property name="java.endorsed.dirs" value="D:\Java\jre\lib\endorsed"/>
    <property name="java.runtime.name" value="Java(TM) SE Runtime Environment"/>
    <property name="file.encoding" value="GBK"/>
    <property name="java.vm.name" value="Java HotSpot(TM) 64-Bit Server VM"/>
    <property name="localRepository" value="D:\mavenrepository"/>
    <property name="java.vendor.url.bug" value="http://bugreport.sun.com/bugreport/"/>
    <property name="java.io.tmpdir" value="C:\Users\dell\AppData\Local\Temp\"/>
    <property name="idea.version" value="2020.3.4"/>
    <property name="java.version" value="1.8.0_231"/>
    <property name="user.dir" value="E:\idea工程\SpringBoot_Mybatis"/>
    <property name="os.arch" value="amd64"/>
    <property name="java.vm.specification.name" value="Java Virtual Machine Specification"/>
    <property name="java.awt.printerjob" value="sun.awt.windows.WPrinterJob"/>
    <property name="sun.os.patch.level" value=""/>
    <property name="java.library.path" value="D:\Java\jre\bin;C:\Windows\Sun\Java\bin;C:\Windows\system32;C:\Windows;C:\Program Files (x86)\Common Files\Oracle\Java\javapath;C:\Windows\system32;C:\Windows;C:\Windows\System32\Wbem;C:\Windows\System32\WindowsPowerShell\v1.0\;C:\Windows\System32\OpenSSH\;D:\java\bin;D:\Program Files\MySQL\MySQL Server 5.5\bin;D:\apache-maven-3.6.3\bin;C:\Program Files\nodejs\;F:\tortoiseGit\bin;F:\Git\cmd;C:\Users\dell\AppData\Local\Microsoft\WindowsApps;;F:\IntelliJ IDEA Community Edition 2021.2.1\bin;;F:\IntelliJ IDEA 2021.2.1\bin;;C:\Users\dell\AppData\Roaming\npm;."/>
    <property name="java.vm.info" value="mixed mode"/>
    <property name="java.vendor" value="Oracle Corporation"/>
    <property name="java.vm.version" value="25.231-b11"/>
    <property name="java.ext.dirs" value="D:\Java\jre\lib\ext;C:\Windows\Sun\Java\lib\ext"/>
    <property name="sun.io.unicode.encoding" value="UnicodeLittle"/>
    <property name="maven.repo.local" value="D:\mavenrepository"/>
    <property name="java.class.version" value="52.0"/>
  </properties>
  <testcase name="contextLoads" classname="com.zzh.mybatis.MybatisApplicationTests" time="0.398"/>
</testsuite>